<testsuites id="" name="" tests="1" failures="1" skipped="0" errors="0" time="30.810708">
<testsuite name="tests\login.test.js" timestamp="2024-05-20T23:38:11.395Z" hostname="" tests="1" failures="1" skipped="0" time="30.015" errors="0">
<testcase name="Login test for healthcare system" classname="tests\login.test.js" time="30.015">
<failure message="login.test.js:3:1 Login test for healthcare system" type="FAILURE">
<![CDATA[  tests\login.test.js:3:1 › Login test for healthcare system ───

    Test timeout of 30000ms exceeded.

    Error: page.waitForSelector: Test timeout of 30000ms exceeded.
    Call log:
      - waiting for locator('input[name="username"]') to be visible


      12 |
      13 |   // Wait for the username input to be visible
    > 14 |   await page.waitForSelector('input[name="username"]', { timeout: 60000 });
         |              ^
      15 |
      16 |   // Add a log to check if the username input is found
      17 |   console.log('Username input found');

        at C:\Users\Ieva\healthcare-system\tests\tests\login.test.js:14:14
]]>
</failure>
<system-out>
<![CDATA[Navigated to the login page
]]>
</system-out>
</testcase>
</testsuite>
</testsuites>